2024-11-15 03:24:12,562 - INFO - Starting training...
2024-11-15 03:24:12,562 - INFO - Epoch 1/50 started.
2024-11-15 03:25:49,214 - INFO - Epoch 1/50 completed. Average Loss: 4.794806563695272
2024-11-15 03:26:07,796 - INFO - Validation Loss: 4.069832177389236
2024-11-15 03:26:13,292 - INFO - Validation Metrics: {'Bleu_1': 0.1983324326410717, 'Bleu_2': 0.0925301487710308, 'Bleu_3': 0.04289943795426483, 'Bleu_4': 0.02088829590747525, 'METEOR': 0.085364792766531, 'ROUGE_L': 0.18039263813678108, 'CIDEr': 0.10739856599259248}
2024-11-15 03:26:13,292 - INFO - Epoch 2/50 started.
2024-11-15 03:28:02,131 - INFO - Epoch 2/50 completed. Average Loss: 3.7122842750549316
2024-11-15 03:28:21,435 - INFO - Validation Loss: 3.7253188670627653
2024-11-15 03:28:26,587 - INFO - Validation Metrics: {'Bleu_1': 0.15211091013427494, 'Bleu_2': 0.0705400060150914, 'Bleu_3': 0.032638029863780255, 'Bleu_4': 0.015081229233856628, 'METEOR': 0.07295894536405273, 'ROUGE_L': 0.16109881916383073, 'CIDEr': 0.10288401316725063}
2024-11-15 03:28:26,588 - INFO - Epoch 3/50 started.
2024-11-15 03:30:17,998 - INFO - Epoch 3/50 completed. Average Loss: 3.355431993484497
2024-11-15 03:30:33,384 - INFO - Validation Loss: 3.538525967370896
2024-11-15 03:30:38,312 - INFO - Validation Metrics: {'Bleu_1': 0.1306795976265193, 'Bleu_2': 0.061223158355565306, 'Bleu_3': 0.026150093798261262, 'Bleu_4': 0.01304196957301111, 'METEOR': 0.060875607178117894, 'ROUGE_L': 0.14077016167325426, 'CIDEr': 0.09183258643247842}
2024-11-15 03:30:38,312 - INFO - Epoch 4/50 started.
2024-11-15 03:32:12,329 - INFO - Epoch 4/50 completed. Average Loss: 3.1052707246144613
2024-11-15 03:32:33,286 - INFO - Validation Loss: 3.4315476304008845
2024-11-15 03:32:38,489 - INFO - Validation Metrics: {'Bleu_1': 0.09891870876144855, 'Bleu_2': 0.04418359765085592, 'Bleu_3': 0.016708534107896456, 'Bleu_4': 0.007550192560281898, 'METEOR': 0.046100772959571774, 'ROUGE_L': 0.1159435119914932, 'CIDEr': 0.050287652146705546}
2024-11-15 03:32:38,490 - INFO - Epoch 5/50 started.
2024-11-15 03:34:20,912 - INFO - Epoch 5/50 completed. Average Loss: 2.895313627243042
2024-11-15 03:34:36,233 - INFO - Validation Loss: 3.3638144561222623
2024-11-15 03:34:41,334 - INFO - Validation Metrics: {'Bleu_1': 0.080192442891822, 'Bleu_2': 0.04018267325264034, 'Bleu_3': 0.01887135349867076, 'Bleu_4': 0.01003651064527498, 'METEOR': 0.042995500156774544, 'ROUGE_L': 0.11223876745431234, 'CIDEr': 0.06364680222341768}
2024-11-15 03:34:41,335 - INFO - Epoch 6/50 started.
2024-11-15 03:36:22,327 - INFO - Epoch 6/50 completed. Average Loss: 2.7080602645874023
2024-11-15 03:36:37,800 - INFO - Validation Loss: 3.319137690559266
2024-11-15 03:36:42,961 - INFO - Validation Metrics: {'Bleu_1': 0.08722547305122394, 'Bleu_2': 0.04177166056198356, 'Bleu_3': 0.020448089428518158, 'Bleu_4': 0.011555447188358287, 'METEOR': 0.038709409031880096, 'ROUGE_L': 0.10227234246030777, 'CIDEr': 0.05512685440733059}
2024-11-15 03:36:42,961 - INFO - Epoch 7/50 started.
2024-11-15 03:38:32,710 - INFO - Epoch 7/50 completed. Average Loss: 2.529928071339925
2024-11-15 03:38:48,569 - INFO - Validation Loss: 3.2869813442230225
2024-11-15 03:38:53,640 - INFO - Validation Metrics: {'Bleu_1': 0.12595002042469047, 'Bleu_2': 0.05601395093482724, 'Bleu_3': 0.020288247306267767, 'Bleu_4': 0.007819036369088263, 'METEOR': 0.0509394965036186, 'ROUGE_L': 0.11970176353988123, 'CIDEr': 0.05056133647513778}
2024-11-15 03:38:53,641 - INFO - Epoch 8/50 started.
2024-11-15 03:40:20,228 - INFO - Epoch 8/50 completed. Average Loss: 2.360661150932312
2024-11-15 03:40:32,905 - INFO - Validation Loss: 3.284753614001804
2024-11-15 03:40:38,532 - INFO - Validation Metrics: {'Bleu_1': 0.12543359872811044, 'Bleu_2': 0.05413232326986333, 'Bleu_3': 0.01906146248480119, 'Bleu_4': 0.008866399836410462, 'METEOR': 0.05072118382446508, 'ROUGE_L': 0.11764327728274775, 'CIDEr': 0.0512898672338298}
2024-11-15 03:40:38,533 - INFO - Epoch 9/50 started.
2024-11-15 03:42:26,023 - INFO - Epoch 9/50 completed. Average Loss: 2.19840721766154
2024-11-15 03:42:43,746 - INFO - Validation Loss: 3.2818002208830817
2024-11-15 03:42:49,278 - INFO - Validation Metrics: {'Bleu_1': 0.10549426650344806, 'Bleu_2': 0.04383528251041009, 'Bleu_3': 0.015773905435686457, 'Bleu_4': 0.006518294326015894, 'METEOR': 0.0466500870449426, 'ROUGE_L': 0.11495307793789909, 'CIDEr': 0.05366812275484815}
2024-11-15 03:42:49,279 - INFO - Epoch 10/50 started.
2024-11-15 03:44:34,018 - INFO - Epoch 10/50 completed. Average Loss: 2.043502487182617
2024-11-15 03:44:49,292 - INFO - Validation Loss: 3.2956356207529702
2024-11-15 03:44:54,407 - INFO - Validation Metrics: {'Bleu_1': 0.12928251026796977, 'Bleu_2': 0.05483359649596053, 'Bleu_3': 0.01949265188721507, 'Bleu_4': 0.008021080983709714, 'METEOR': 0.05077250724811936, 'ROUGE_L': 0.12216510200190567, 'CIDEr': 0.05808082916232044}
2024-11-15 03:44:54,408 - INFO - Epoch 11/50 started.
2024-11-15 03:46:35,755 - INFO - Epoch 11/50 completed. Average Loss: 1.897498861948649
2024-11-15 03:46:44,509 - INFO - Validation Loss: 3.3128142054118808
2024-11-15 03:46:49,282 - INFO - Validation Metrics: {'Bleu_1': 0.1181736718475056, 'Bleu_2': 0.04792584222320807, 'Bleu_3': 0.019294723468686725, 'Bleu_4': 0.008903213217086188, 'METEOR': 0.04930583723757628, 'ROUGE_L': 0.10583299547179331, 'CIDEr': 0.05651030516817931}
2024-11-15 03:46:49,282 - INFO - Epoch 12/50 started.
2024-11-15 03:47:57,746 - INFO - Epoch 12/50 completed. Average Loss: 1.758612899462382
2024-11-15 03:48:09,607 - INFO - Validation Loss: 3.342693003397139
2024-11-15 03:48:14,391 - INFO - Validation Metrics: {'Bleu_1': 0.10958904109588206, 'Bleu_2': 0.04605832619253731, 'Bleu_3': 0.01535188013500591, 'Bleu_4': 0.004346112685338237, 'METEOR': 0.04945572431791183, 'ROUGE_L': 0.10173794656933625, 'CIDEr': 0.057098466233140285}
2024-11-15 03:48:14,392 - INFO - Epoch 13/50 started.
2024-11-15 03:49:37,121 - INFO - Epoch 13/50 completed. Average Loss: 1.6329614785512288
2024-11-15 03:49:49,715 - INFO - Validation Loss: 3.3762768866523865
2024-11-15 03:49:54,494 - INFO - Validation Metrics: {'Bleu_1': 0.1328100222010678, 'Bleu_2': 0.05618449117440379, 'Bleu_3': 0.02301829614321251, 'Bleu_4': 0.010037201459238386, 'METEOR': 0.05733901891461909, 'ROUGE_L': 0.11738720228455096, 'CIDEr': 0.07018020984803142}
2024-11-15 03:49:54,494 - INFO - Epoch 14/50 started.
2024-11-15 03:51:15,670 - INFO - Epoch 14/50 completed. Average Loss: 1.5244151881535848
2024-11-15 03:51:27,380 - INFO - Validation Loss: 3.392482814334688
2024-11-15 03:51:32,209 - INFO - Validation Metrics: {'Bleu_1': 0.11883440986493549, 'Bleu_2': 0.0497565761702507, 'Bleu_3': 0.019534597766064185, 'Bleu_4': 0.008655732694170378, 'METEOR': 0.05672347315028176, 'ROUGE_L': 0.1105826813798265, 'CIDEr': 0.06848970396735884}
2024-11-15 03:51:32,209 - INFO - Epoch 15/50 started.
2024-11-15 03:52:45,209 - INFO - Epoch 15/50 completed. Average Loss: 1.3971671279271443
2024-11-15 03:52:58,596 - INFO - Validation Loss: 3.4519094626108804
2024-11-15 03:53:03,532 - INFO - Validation Metrics: {'Bleu_1': 0.0947667224688773, 'Bleu_2': 0.03847572391342557, 'Bleu_3': 0.014261223220586214, 'Bleu_4': 0.005733127767054264, 'METEOR': 0.04806393832041377, 'ROUGE_L': 0.0925506003577774, 'CIDEr': 0.0571697915588154}
2024-11-15 03:53:03,532 - INFO - Epoch 16/50 started.
2024-11-15 03:54:26,920 - INFO - Epoch 16/50 completed. Average Loss: 1.2927832667032877
2024-11-15 03:54:38,672 - INFO - Validation Loss: 3.48885917285132
2024-11-15 03:54:43,551 - INFO - Validation Metrics: {'Bleu_1': 0.07227675200768259, 'Bleu_2': 0.027695336024144458, 'Bleu_3': 0.008755919205106306, 'Bleu_4': 0.0027599572415602223, 'METEOR': 0.03964416278203657, 'ROUGE_L': 0.07352230290967716, 'CIDEr': 0.04249369804962383}
2024-11-15 03:54:43,552 - INFO - Epoch 17/50 started.
2024-11-15 03:56:05,919 - INFO - Epoch 17/50 completed. Average Loss: 1.1870003458658853
2024-11-15 03:56:15,818 - INFO - Validation Loss: 3.5353087508489214
2024-11-15 03:56:20,407 - INFO - Validation Metrics: {'Bleu_1': 0.07139626542611156, 'Bleu_2': 0.030041665447224437, 'Bleu_3': 0.01203028853084064, 'Bleu_4': 0.0048606515290569915, 'METEOR': 0.04072105585918037, 'ROUGE_L': 0.07567541125641619, 'CIDEr': 0.0539953832448316}
2024-11-15 03:56:20,408 - INFO - Epoch 18/50 started.
2024-11-15 03:57:03,303 - INFO - Epoch 18/50 completed. Average Loss: 1.0923346738815307
2024-11-15 03:57:09,170 - INFO - Validation Loss: 3.6131573366740395
2024-11-15 03:57:13,817 - INFO - Validation Metrics: {'Bleu_1': 0.08620929585304159, 'Bleu_2': 0.03499900239174455, 'Bleu_3': 0.013705080448196395, 'Bleu_4': 0.005485509568651726, 'METEOR': 0.046118217839314544, 'ROUGE_L': 0.08308697798314581, 'CIDEr': 0.04813029091508575}
2024-11-15 03:57:13,818 - INFO - Epoch 19/50 started.
2024-11-15 03:57:51,773 - INFO - Epoch 19/50 completed. Average Loss: 1.0050466904640198
2024-11-15 03:57:58,571 - INFO - Validation Loss: 3.663079061205425
2024-11-15 03:58:03,348 - INFO - Validation Metrics: {'Bleu_1': 0.08190084290170027, 'Bleu_2': 0.02965049278409947, 'Bleu_3': 0.01085293446057017, 'Bleu_4': 0.004222220118353446, 'METEOR': 0.045834040986323404, 'ROUGE_L': 0.0817956087146432, 'CIDEr': 0.04532754729706981}
2024-11-15 03:58:03,349 - INFO - Epoch 20/50 started.
2024-11-15 03:58:47,611 - INFO - Epoch 20/50 completed. Average Loss: 0.9293832082748413
2024-11-15 03:59:00,562 - INFO - Validation Loss: 3.7051534198579335
2024-11-15 03:59:05,520 - INFO - Validation Metrics: {'Bleu_1': 0.07788631744574327, 'Bleu_2': 0.03029926430075802, 'Bleu_3': 0.011507762315558258, 'Bleu_4': 0.00439504036171934, 'METEOR': 0.04554723639104698, 'ROUGE_L': 0.07988697634953718, 'CIDEr': 0.053025046581572866}
2024-11-15 03:59:05,521 - INFO - Epoch 21/50 started.
2024-11-15 04:00:28,580 - INFO - Epoch 21/50 completed. Average Loss: 0.856990139802297
2024-11-15 04:00:40,313 - INFO - Validation Loss: 3.7664079703981916
2024-11-15 04:00:45,365 - INFO - Validation Metrics: {'Bleu_1': 0.08809025197594486, 'Bleu_2': 0.03341921208771587, 'Bleu_3': 0.012427042475806302, 'Bleu_4': 6.350058632138435e-07, 'METEOR': 0.047386547581826186, 'ROUGE_L': 0.08769927826962691, 'CIDEr': 0.046996478398989495}
2024-11-15 04:00:45,365 - INFO - Epoch 22/50 started.
2024-11-15 04:02:02,925 - INFO - Epoch 22/50 completed. Average Loss: 0.7878732123374939
2024-11-15 04:02:14,611 - INFO - Validation Loss: 3.820183651787894
2024-11-15 04:02:19,686 - INFO - Validation Metrics: {'Bleu_1': 0.07975339411031156, 'Bleu_2': 0.03048364667190964, 'Bleu_3': 0.011378330184085992, 'Bleu_4': 0.0049521520511972925, 'METEOR': 0.04465449517444566, 'ROUGE_L': 0.0801167337942876, 'CIDEr': 0.04435267875218451}
2024-11-15 04:02:19,686 - INFO - Epoch 23/50 started.
2024-11-15 04:03:36,516 - INFO - Epoch 23/50 completed. Average Loss: 0.7301403524080913
2024-11-15 04:03:50,594 - INFO - Validation Loss: 3.8853320961906794
2024-11-15 04:03:55,636 - INFO - Validation Metrics: {'Bleu_1': 0.07927068357076988, 'Bleu_2': 0.029965078657031696, 'Bleu_3': 0.011233395901417857, 'Bleu_4': 0.004311909943803463, 'METEOR': 0.04477946932025477, 'ROUGE_L': 0.08044158568770686, 'CIDEr': 0.044919955161764426}
2024-11-15 04:03:55,636 - INFO - Epoch 24/50 started.
2024-11-15 04:05:11,186 - INFO - Epoch 24/50 completed. Average Loss: 0.6710334815979004
2024-11-15 04:05:22,881 - INFO - Validation Loss: 3.95794097204057
2024-11-15 04:05:27,961 - INFO - Validation Metrics: {'Bleu_1': 0.0845098167968951, 'Bleu_2': 0.033856732712643355, 'Bleu_3': 0.013437145967294842, 'Bleu_4': 0.006104597717197761, 'METEOR': 0.04763707259637181, 'ROUGE_L': 0.08505843840112001, 'CIDEr': 0.05171012026046398}
2024-11-15 04:05:27,962 - INFO - Epoch 25/50 started.
