2024-11-15 03:15:03,240 - INFO - Starting training...
2024-11-15 03:15:03,240 - INFO - Epoch 1/10 started.
2024-11-15 03:16:43,260 - INFO - Epoch 1/10 completed. Average Loss: 4.793456403096517
2024-11-15 03:16:54,891 - INFO - Validation Metrics: {'Bleu_1': 1.1594264752531417e-23, 'Bleu_2': 1.1594264752537212e-17, 'Bleu_3': 1.159426475253916e-15, 'Bleu_4': 1.1594264752540112e-14, 'METEOR': 0.0, 'ROUGE_L': 0.0, 'CIDEr': 0.0}
2024-11-15 03:16:54,891 - INFO - Epoch 2/10 started.
{'testlen': 1000, 'reflen': 12365, 'guess': [1000, 0, 0, 0], 'correct': [0, 0, 0, 0]}
ratio: 0.08087343307722758
Traceback (most recent call last):
  File "/home/ngocyen/neural-network-and-deeplearning/advanced_captioning.py", line 210, in <module>
    train(args)
  File "/home/ngocyen/neural-network-and-deeplearning/advanced_captioning.py", line 167, in train
    for batch in train_dataloader:
  File "/home/ngocyen/anaconda3/envs/Inference/lib/python3.11/site-packages/torch/utils/data/dataloader.py", line 630, in __next__
    data = self._next_data()
           ^^^^^^^^^^^^^^^^^
  File "/home/ngocyen/anaconda3/envs/Inference/lib/python3.11/site-packages/torch/utils/data/dataloader.py", line 673, in _next_data
    data = self._dataset_fetcher.fetch(index)  # may raise StopIteration
           ^^^^^^^^^^^^^^^^^^^^^^^^^^^^^^^^^^
  File "/home/ngocyen/anaconda3/envs/Inference/lib/python3.11/site-packages/torch/utils/data/_utils/fetch.py", line 52, in fetch
    data = [self.dataset[idx] for idx in possibly_batched_index]
           ^^^^^^^^^^^^^^^^^^^^^^^^^^^^^^^^^^^^^^^^^^^^^^^^^^^^^
  File "/home/ngocyen/anaconda3/envs/Inference/lib/python3.11/site-packages/torch/utils/data/_utils/fetch.py", line 52, in <listcomp>
    data = [self.dataset[idx] for idx in possibly_batched_index]
            ~~~~~~~~~~~~^^^^^
  File "/home/ngocyen/neural-network-and-deeplearning/advanced_captioning.py", line 53, in __getitem__
    image = self.transform(image)
            ^^^^^^^^^^^^^^^^^^^^^
  File "/home/ngocyen/anaconda3/envs/Inference/lib/python3.11/site-packages/torchvision/transforms/transforms.py", line 95, in __call__
    img = t(img)
          ^^^^^^
  File "/home/ngocyen/anaconda3/envs/Inference/lib/python3.11/site-packages/torchvision/transforms/transforms.py", line 137, in __call__
    return F.to_tensor(pic)
           ^^^^^^^^^^^^^^^^
  File "/home/ngocyen/anaconda3/envs/Inference/lib/python3.11/site-packages/torchvision/transforms/functional.py", line 176, in to_tensor
    return img.to(dtype=default_float_dtype).div(255)
           ^^^^^^^^^^^^^^^^^^^^^^^^^^^^^^^^^^^^^^^^^^
KeyboardInterrupt
