[nltk_data] Downloading package wordnet to /home/ngocyen/nltk_data...
[nltk_data]   Package wordnet is already up-to-date!
/home/ngocyen/anaconda3/envs/Inference/lib/python3.11/site-packages/torchvision/models/_utils.py:208: UserWarning: The parameter 'pretrained' is deprecated since 0.13 and may be removed in the future, please use 'weights' instead.
  warnings.warn(
/home/ngocyen/anaconda3/envs/Inference/lib/python3.11/site-packages/torchvision/models/_utils.py:223: UserWarning: Arguments other than a weight enum or `None` for 'weights' are deprecated since 0.13 and may be removed in the future. The current behavior is equivalent to passing `weights=ResNet50_Weights.IMAGENET1K_V1`. You can also use `weights=ResNet50_Weights.DEFAULT` to get the most up-to-date weights.
  warnings.warn(msg)
Using cache found in /home/ngocyen/.cache/torch/hub/intel-isl_MiDaS_master
Epochs are read correctly:  50
Encoder type is read correctly:  resnet50
Number of CNN channels being used:  2048
Fine tune setting is set to:  True
Label smoothing set to:  True
Ground Truth captions:  ['the boy laying face down on a skateboard is being pushed along the ground by another boy', 'two girls play on a skateboard in a courtyard', 'two people play on a long skateboard', 'two small children in red shirts playing on a skateboard', 'two young children on a skateboard going across a sidewalk']

  0%|          | 0/469 [00:00<?, ?it/s]
  0%|          | 1/469 [00:02<22:33,  2.89s/it]
  0%|          | 2/469 [00:05<19:33,  2.51s/it]
  1%|          | 3/469 [00:07<18:36,  2.40s/it]
  1%|          | 4/469 [00:09<18:09,  2.34s/it]
  1%|          | 5/469 [00:11<17:55,  2.32s/it]
  1%|▏         | 6/469 [00:14<17:43,  2.30s/it]
  1%|▏         | 7/469 [00:16<17:36,  2.29s/it]
  2%|▏         | 8/469 [00:18<17:30,  2.28s/it]
  2%|▏         | 9/469 [00:20<17:28,  2.28s/it]
  2%|▏         | 10/469 [00:23<17:24,  2.28s/it]
  2%|▏         | 11/469 [00:25<17:25,  2.28s/it]
  3%|▎         | 12/469 [00:27<17:23,  2.28s/it]
  3%|▎         | 13/469 [00:30<17:17,  2.28s/it]
  3%|▎         | 14/469 [00:32<17:14,  2.27s/it]
  3%|▎         | 15/469 [00:34<17:18,  2.29s/it]
  3%|▎         | 16/469 [00:36<17:12,  2.28s/it]
  4%|▎         | 17/469 [00:39<17:12,  2.28s/it]
  4%|▍         | 18/469 [00:41<17:06,  2.28s/it]
  4%|▍         | 19/469 [00:43<17:14,  2.30s/it]
  4%|▍         | 20/469 [00:46<17:08,  2.29s/it]
  4%|▍         | 21/469 [00:48<17:04,  2.29s/it]
  5%|▍         | 22/469 [00:50<16:59,  2.28s/it]
  5%|▍         | 23/469 [00:52<16:56,  2.28s/it]
  5%|▌         | 24/469 [00:55<16:51,  2.27s/it]
  5%|▌         | 25/469 [00:57<17:02,  2.30s/it]
  6%|▌         | 26/469 [00:59<16:55,  2.29s/it]
  6%|▌         | 27/469 [01:02<16:52,  2.29s/it]
  6%|▌         | 28/469 [01:04<16:47,  2.29s/it]
  6%|▌         | 29/469 [01:06<16:43,  2.28s/it]
  6%|▋         | 30/469 [01:08<16:40,  2.28s/it]
  7%|▋         | 31/469 [01:11<16:38,  2.28s/it]
  7%|▋         | 32/469 [01:13<16:37,  2.28s/it]
  7%|▋         | 33/469 [01:15<16:37,  2.29s/it]
  7%|▋         | 34/469 [01:18<16:38,  2.29s/it]
  7%|▋         | 35/469 [01:20<16:35,  2.29s/it]
  8%|▊         | 36/469 [01:22<16:32,  2.29s/it]
  8%|▊         | 37/469 [01:25<17:14,  2.40s/it]
  8%|▊         | 38/469 [01:27<17:28,  2.43s/it]
  8%|▊         | 39/469 [01:30<17:29,  2.44s/it]
  9%|▊         | 40/469 [01:32<17:47,  2.49s/it]
  9%|▊         | 41/469 [01:35<17:45,  2.49s/it]
  9%|▉         | 42/469 [01:37<17:18,  2.43s/it]
  9%|▉         | 43/469 [01:40<17:00,  2.40s/it]
  9%|▉         | 44/469 [01:42<16:44,  2.36s/it]
 10%|▉         | 45/469 [01:44<16:32,  2.34s/it]
 10%|▉         | 46/469 [01:47<16:37,  2.36s/it]
 10%|█         | 47/469 [01:49<17:01,  2.42s/it]
 10%|█         | 48/469 [01:52<17:12,  2.45s/it]
 10%|█         | 49/469 [01:54<16:47,  2.40s/it]
 11%|█         | 50/469 [01:56<16:37,  2.38s/it]
 11%|█         | 51/469 [01:59<16:26,  2.36s/it]
 11%|█         | 52/469 [02:01<16:16,  2.34s/it]
 11%|█▏        | 53/469 [02:03<16:10,  2.33s/it]
 12%|█▏        | 54/469 [02:06<16:48,  2.43s/it]
 12%|█▏        | 55/469 [02:08<17:00,  2.47s/it]
 12%|█▏        | 56/469 [02:11<16:41,  2.42s/it]
 12%|█▏        | 57/469 [02:13<16:36,  2.42s/it]
 12%|█▏        | 58/469 [02:15<16:26,  2.40s/it]
 13%|█▎        | 59/469 [02:18<17:04,  2.50s/it]
 13%|█▎        | 60/469 [02:21<17:14,  2.53s/it]
 13%|█▎        | 61/469 [02:25<19:41,  2.90s/it]
 13%|█▎        | 62/469 [02:27<19:36,  2.89s/it]
 13%|█▎        | 63/469 [02:32<22:02,  3.26s/it]
 14%|█▎        | 64/469 [02:34<20:03,  2.97s/it]
 14%|█▍        | 65/469 [02:37<19:29,  2.90s/it]
 14%|█▍        | 66/469 [02:39<18:50,  2.80s/it]
 14%|█▍        | 67/469 [02:41<17:49,  2.66s/it]
 14%|█▍        | 68/469 [02:44<17:04,  2.56s/it]
 15%|█▍        | 69/469 [02:46<16:35,  2.49s/it]
 15%|█▍        | 70/469 [02:49<16:47,  2.53s/it]
 15%|█▌        | 71/469 [02:51<16:47,  2.53s/it]
 15%|█▌        | 72/469 [02:54<16:19,  2.47s/it]
 16%|█▌        | 73/469 [02:56<15:58,  2.42s/it]
 16%|█▌        | 74/469 [02:58<15:41,  2.38s/it]
 16%|█▌        | 75/469 [03:01<16:08,  2.46s/it]
 16%|█▌        | 76/469 [03:03<16:09,  2.47s/it]
 16%|█▋        | 77/469 [03:06<15:48,  2.42s/it]
 17%|█▋        | 78/469 [03:08<15:33,  2.39s/it]
 17%|█▋        | 79/469 [03:10<15:21,  2.36s/it]
 17%|█▋        | 80/469 [03:13<15:11,  2.34s/it]
 17%|█▋        | 81/469 [03:15<15:02,  2.33s/it]
 17%|█▋        | 82/469 [03:17<15:35,  2.42s/it]
 18%|█▊        | 83/469 [03:20<15:41,  2.44s/it]
 18%|█▊        | 84/469 [03:22<15:25,  2.40s/it]
 18%|█▊        | 85/469 [03:25<16:02,  2.51s/it]
 18%|█▊        | 86/469 [03:28<16:11,  2.54s/it]
 19%|█▊        | 87/469 [03:30<15:58,  2.51s/it]
 19%|█▉        | 88/469 [03:33<16:07,  2.54s/it]
 19%|█▉        | 89/469 [03:35<15:59,  2.53s/it]
 19%|█▉        | 90/469 [03:37<15:32,  2.46s/it]
 19%|█▉        | 91/469 [03:40<15:11,  2.41s/it]
 20%|█▉        | 92/469 [03:42<14:58,  2.38s/it]
 20%|█▉        | 93/469 [03:45<15:27,  2.47s/it]
 20%|██        | 94/469 [03:47<15:32,  2.49s/it]
 20%|██        | 95/469 [03:50<15:10,  2.44s/it]
 20%|██        | 96/469 [03:52<14:55,  2.40s/it]
 21%|██        | 97/469 [03:54<14:41,  2.37s/it]
 21%|██        | 98/469 [03:57<14:33,  2.35s/it]
 21%|██        | 99/469 [03:59<14:26,  2.34s/it]
 21%|██▏       | 100/469 [04:02<15:04,  2.45s/it]
 22%|██▏       | 101/469 [04:04<15:08,  2.47s/it]
 22%|██▏       | 102/469 [04:06<14:47,  2.42s/it]
 22%|██▏       | 103/469 [04:09<14:32,  2.38s/it]
 22%|██▏       | 104/469 [04:11<14:21,  2.36s/it]
 22%|██▏       | 105/469 [04:13<14:13,  2.34s/it]
 23%|██▎       | 106/469 [04:16<14:07,  2.34s/it]
 23%|██▎       | 107/469 [04:18<14:19,  2.38s/it]
 23%|██▎       | 108/469 [04:21<14:54,  2.48s/it]
 23%|██▎       | 109/469 [04:23<14:32,  2.42s/it]
 23%|██▎       | 110/469 [04:25<14:19,  2.39s/it]
 24%|██▎       | 111/469 [04:28<14:09,  2.37s/it]
 24%|██▍       | 112/469 [04:30<13:58,  2.35s/it]
 24%|██▍       | 113/469 [04:32<13:52,  2.34s/it]
 24%|██▍       | 114/469 [04:35<14:23,  2.43s/it]
 25%|██▍       | 115/469 [04:37<14:23,  2.44s/it]
 25%|██▍       | 116/469 [04:40<14:08,  2.40s/it]
 25%|██▍       | 117/469 [04:42<13:57,  2.38s/it]
 25%|██▌       | 118/469 [04:44<13:46,  2.36s/it]
 25%|██▌       | 119/469 [04:47<13:38,  2.34s/it]
 26%|██▌       | 120/469 [04:49<13:32,  2.33s/it]
 26%|██▌       | 121/469 [04:51<13:28,  2.32s/it]
 26%|██▌       | 122/469 [04:54<13:23,  2.32s/it]
 26%|██▌       | 123/469 [04:56<13:55,  2.42s/it]
 26%|██▋       | 124/469 [04:59<13:57,  2.43s/it]
 27%|██▋       | 125/469 [05:01<13:43,  2.39s/it]
 27%|██▋       | 126/469 [05:03<13:33,  2.37s/it]
 27%|██▋       | 127/469 [05:06<13:25,  2.36s/it]
 27%|██▋       | 128/469 [05:08<13:46,  2.42s/it]
 28%|██▊       | 129/469 [05:11<14:07,  2.49s/it]
 28%|██▊       | 130/469 [05:13<13:46,  2.44s/it]
 28%|██▊       | 131/469 [05:15<13:30,  2.40s/it]
 28%|██▊       | 132/469 [05:18<13:18,  2.37s/it]
 28%|██▊       | 133/469 [05:20<13:09,  2.35s/it]
 29%|██▊       | 134/469 [05:22<13:04,  2.34s/it]
 29%|██▉       | 135/469 [05:25<13:33,  2.44s/it]
 29%|██▉       | 136/469 [05:28<13:38,  2.46s/it]
 29%|██▉       | 137/469 [05:30<13:22,  2.42s/it]
 29%|██▉       | 138/469 [05:32<13:11,  2.39s/it]
 30%|██▉       | 139/469 [05:35<13:01,  2.37s/it]
 30%|██▉       | 140/469 [05:37<13:27,  2.45s/it]
 30%|███       | 141/469 [05:40<13:34,  2.48s/it]
 30%|███       | 142/469 [05:42<13:16,  2.44s/it]
 30%|███       | 143/469 [05:44<13:03,  2.40s/it]
 31%|███       | 144/469 [05:47<12:52,  2.38s/it]
 31%|███       | 145/469 [05:49<13:16,  2.46s/it]
 31%|███       | 146/469 [05:52<13:21,  2.48s/it]
 31%|███▏      | 147/469 [05:54<13:03,  2.43s/it]
 32%|███▏      | 148/469 [05:57<13:31,  2.53s/it]
 32%|███▏      | 149/469 [06:00<13:30,  2.53s/it]
 32%|███▏      | 150/469 [06:02<13:30,  2.54s/it]
 32%|███▏      | 151/469 [06:05<13:29,  2.54s/it]
 32%|███▏      | 152/469 [06:07<13:22,  2.53s/it]
 33%|███▎      | 153/469 [06:09<12:58,  2.46s/it]
 33%|███▎      | 154/469 [06:12<12:41,  2.42s/it]
 33%|███▎      | 155/469 [06:14<12:29,  2.39s/it]
 33%|███▎      | 156/469 [06:16<12:21,  2.37s/it]
 33%|███▎      | 157/469 [06:19<12:14,  2.35s/it]
 34%|███▎      | 158/469 [06:21<12:20,  2.38s/it]
 34%|███▍      | 159/469 [06:23<12:10,  2.36s/it]
 34%|███▍      | 160/469 [06:26<12:26,  2.42s/it]
 34%|███▍      | 161/469 [06:28<12:29,  2.43s/it]
 35%|███▍      | 162/469 [06:31<12:15,  2.40s/it]
 35%|███▍      | 163/469 [06:33<12:04,  2.37s/it]
 35%|███▍      | 164/469 [06:35<11:55,  2.35s/it]
 35%|███▌      | 165/469 [06:38<11:50,  2.34s/it]
 35%|███▌      | 166/469 [06:40<11:44,  2.33s/it]
 36%|███▌      | 167/469 [06:43<12:14,  2.43s/it]
 36%|███▌      | 168/469 [06:45<12:17,  2.45s/it]
 36%|███▌      | 169/469 [06:47<12:02,  2.41s/it]
 36%|███▌      | 170/469 [06:50<11:51,  2.38s/it]
 36%|███▋      | 171/469 [06:52<11:42,  2.36s/it]
 37%|███▋      | 172/469 [06:54<11:35,  2.34s/it]
 37%|███▋      | 173/469 [06:57<11:30,  2.33s/it]
 37%|███▋      | 174/469 [06:59<11:58,  2.44s/it]
 37%|███▋      | 175/469 [07:02<12:03,  2.46s/it]
 38%|███▊      | 176/469 [07:04<11:48,  2.42s/it]
 38%|███▊      | 177/469 [07:07<11:35,  2.38s/it]
 38%|███▊      | 178/469 [07:09<11:29,  2.37s/it]
 38%|███▊      | 179/469 [07:11<11:23,  2.36s/it]
 38%|███▊      | 180/469 [07:14<12:10,  2.53s/it]
 39%|███▊      | 181/469 [07:16<11:50,  2.47s/it]
 39%|███▉      | 182/469 [07:19<12:15,  2.56s/it]
 39%|███▉      | 183/469 [07:22<12:19,  2.59s/it]
 39%|███▉      | 184/469 [07:25<13:43,  2.89s/it]
 39%|███▉      | 185/469 [07:28<13:12,  2.79s/it]
 40%|███▉      | 186/469 [07:30<12:30,  2.65s/it]
 40%|███▉      | 187/469 [07:33<12:01,  2.56s/it]
 40%|████      | 188/469 [07:36<13:25,  2.87s/it]
 40%|████      | 189/469 [07:40<14:54,  3.19s/it]
 41%|████      | 190/469 [07:44<15:20,  3.30s/it]
 41%|████      | 191/469 [07:46<14:15,  3.08s/it]
 41%|████      | 192/469 [07:49<13:19,  2.89s/it]
 41%|████      | 193/469 [07:51<12:56,  2.81s/it]
 41%|████▏     | 194/469 [07:54<12:31,  2.73s/it]
 42%|████▏     | 195/469 [07:56<11:58,  2.62s/it]
 42%|████▏     | 196/469 [07:59<12:02,  2.65s/it]
 42%|████▏     | 197/469 [08:02<11:55,  2.63s/it]
 42%|████▏     | 198/469 [08:04<11:28,  2.54s/it]
 42%|████▏     | 199/469 [08:07<11:45,  2.61s/it]
 43%|████▎     | 200/469 [08:09<11:34,  2.58s/it]
 43%|████▎     | 201/469 [08:12<11:14,  2.52s/it]
 43%|████▎     | 202/469 [08:14<11:24,  2.56s/it]
 43%|████▎     | 203/469 [08:17<11:15,  2.54s/it]
 43%|████▎     | 204/469 [08:19<11:07,  2.52s/it]
 44%|████▎     | 205/469 [08:22<11:14,  2.55s/it]
 44%|████▍     | 206/469 [08:24<11:10,  2.55s/it]
 44%|████▍     | 207/469 [08:27<10:51,  2.48s/it]
 44%|████▍     | 208/469 [08:29<10:36,  2.44s/it]
 45%|████▍     | 209/469 [08:31<10:26,  2.41s/it]
 45%|████▍     | 210/469 [08:34<10:52,  2.52s/it]
 45%|████▍     | 211/469 [08:37<10:53,  2.53s/it]
 45%|████▌     | 212/469 [08:39<10:42,  2.50s/it]
 45%|████▌     | 213/469 [08:42<10:52,  2.55s/it]
 46%|████▌     | 214/469 [08:44<10:53,  2.56s/it]
 46%|████▌     | 215/469 [08:47<10:46,  2.55s/it]
 46%|████▌     | 216/469 [08:50<10:46,  2.56s/it]
 46%|████▋     | 217/469 [08:52<10:42,  2.55s/it]
 46%|████▋     | 218/469 [08:55<11:17,  2.70s/it]
 47%|████▋     | 219/469 [09:00<13:34,  3.26s/it]
 47%|████▋     | 220/469 [09:03<13:54,  3.35s/it]
 47%|████▋     | 221/469 [09:07<13:56,  3.37s/it]
 47%|████▋     | 222/469 [09:10<13:39,  3.32s/it]
 48%|████▊     | 223/469 [09:14<14:11,  3.46s/it]
 48%|████▊     | 224/469 [09:17<14:10,  3.47s/it]
 48%|████▊     | 225/469 [09:20<13:39,  3.36s/it]
 48%|████▊     | 226/469 [09:23<12:44,  3.14s/it]
 48%|████▊     | 227/469 [09:25<11:41,  2.90s/it]
 49%|████▊     | 228/469 [09:28<11:26,  2.85s/it]
 49%|████▉     | 229/469 [09:31<11:00,  2.75s/it]
 49%|████▉     | 230/469 [09:33<10:39,  2.68s/it]
 49%|████▉     | 231/469 [09:36<10:33,  2.66s/it]
 49%|████▉     | 232/469 [09:38<10:20,  2.62s/it]
 50%|████▉     | 233/469 [09:41<10:51,  2.76s/it]
 50%|████▉     | 234/469 [09:45<12:19,  3.15s/it]
 50%|█████     | 235/469 [09:48<11:58,  3.07s/it]
 50%|█████     | 236/469 [09:51<11:29,  2.96s/it]
 51%|█████     | 237/469 [09:54<11:58,  3.10s/it]
 51%|█████     | 238/469 [09:57<11:43,  3.04s/it]
 51%|█████     | 239/469 [10:00<11:27,  2.99s/it]
 51%|█████     | 240/469 [10:03<11:47,  3.09s/it]
 51%|█████▏    | 241/469 [10:07<11:51,  3.12s/it]
 52%|█████▏    | 242/469 [10:09<11:11,  2.96s/it]
 52%|█████▏    | 243/469 [10:12<10:41,  2.84s/it]
 52%|█████▏    | 244/469 [10:14<10:03,  2.68s/it]
 52%|█████▏    | 245/469 [10:16<09:38,  2.58s/it]
 52%|█████▏    | 246/469 [10:19<09:25,  2.53s/it]
 53%|█████▎    | 247/469 [10:22<09:34,  2.59s/it]
 53%|█████▎    | 248/469 [10:24<09:30,  2.58s/it]
 53%|█████▎    | 249/469 [10:26<09:12,  2.51s/it]
 53%|█████▎    | 250/469 [10:29<09:29,  2.60s/it]
 54%|█████▎    | 251/469 [10:32<09:22,  2.58s/it]
 54%|█████▎    | 252/469 [10:34<09:07,  2.52s/it]
 54%|█████▍    | 253/469 [10:37<09:17,  2.58s/it]
 54%|█████▍    | 254/469 [10:40<09:44,  2.72s/it]
 54%|█████▍    | 255/469 [10:44<11:10,  3.13s/it]
 55%|█████▍    | 256/469 [10:47<11:02,  3.11s/it]
 55%|█████▍    | 257/469 [10:51<11:52,  3.36s/it]
 55%|█████▌    | 258/469 [10:55<12:12,  3.47s/it]
 55%|█████▌    | 259/469 [10:58<12:14,  3.50s/it]
 55%|█████▌    | 260/469 [11:02<11:56,  3.43s/it]
 56%|█████▌    | 261/469 [11:05<11:21,  3.28s/it]
 56%|█████▌    | 262/469 [11:08<11:52,  3.44s/it]
 56%|█████▌    | 263/469 [11:12<12:04,  3.52s/it]
 56%|█████▋    | 264/469 [11:14<10:54,  3.19s/it]
 57%|█████▋    | 265/469 [11:17<09:57,  2.93s/it]
 57%|█████▋    | 266/469 [11:19<09:36,  2.84s/it]
 57%|█████▋    | 267/469 [11:22<09:15,  2.75s/it]
 57%|█████▋    | 268/469 [11:24<08:53,  2.65s/it]
 57%|█████▋    | 269/469 [11:27<08:46,  2.63s/it]
 58%|█████▊    | 270/469 [11:30<08:41,  2.62s/it]
 58%|█████▊    | 271/469 [11:32<08:31,  2.58s/it]
 58%|█████▊    | 272/469 [11:35<08:29,  2.59s/it]
 58%|█████▊    | 273/469 [11:38<08:54,  2.73s/it]
 58%|█████▊    | 274/469 [11:41<09:32,  2.94s/it]
 59%|█████▊    | 275/469 [11:46<10:55,  3.38s/it]
 59%|█████▉    | 276/469 [11:49<10:39,  3.32s/it]
 59%|█████▉    | 277/469 [11:51<09:55,  3.10s/it]
 59%|█████▉    | 278/469 [11:54<09:22,  2.94s/it]
 59%|█████▉    | 279/469 [11:56<08:50,  2.79s/it]
 60%|█████▉    | 280/469 [11:59<08:36,  2.73s/it]
 60%|█████▉    | 281/469 [12:01<08:22,  2.68s/it]
 60%|██████    | 282/469 [12:04<08:10,  2.62s/it]
 60%|██████    | 283/469 [12:07<08:07,  2.62s/it]
 61%|██████    | 284/469 [12:09<08:00,  2.60s/it]
 61%|██████    | 285/469 [12:12<07:51,  2.56s/it]
 61%|██████    | 286/469 [12:14<07:52,  2.58s/it]
 61%|██████    | 287/469 [12:17<07:49,  2.58s/it]
 61%|██████▏   | 288/469 [12:20<08:14,  2.73s/it]
 62%|██████▏   | 289/469 [12:23<08:27,  2.82s/it]
 62%|██████▏   | 290/469 [12:25<07:57,  2.66s/it]
 62%|██████▏   | 291/469 [12:28<07:37,  2.57s/it]
 62%|██████▏   | 292/469 [12:31<08:03,  2.73s/it]
 62%|██████▏   | 293/469 [12:33<07:39,  2.61s/it]
 63%|██████▎   | 294/469 [12:35<07:20,  2.52s/it]
 63%|██████▎   | 295/469 [12:38<07:13,  2.49s/it]
 63%|██████▎   | 296/469 [12:40<07:17,  2.53s/it]
 63%|██████▎   | 297/469 [12:43<07:16,  2.54s/it]
 64%|██████▎   | 298/469 [12:45<07:02,  2.47s/it]
 64%|██████▍   | 299/469 [12:48<06:54,  2.44s/it]
 64%|██████▍   | 300/469 [12:50<06:54,  2.45s/it]
 64%|██████▍   | 301/469 [12:53<06:58,  2.49s/it]
 64%|██████▍   | 302/469 [12:55<06:59,  2.51s/it]
 65%|██████▍   | 303/469 [12:58<06:47,  2.45s/it]
 65%|██████▍   | 304/469 [13:00<06:38,  2.42s/it]
 65%|██████▌   | 305/469 [13:02<06:32,  2.39s/it]
 65%|██████▌   | 306/469 [13:05<06:38,  2.45s/it]
 65%|██████▌   | 307/469 [13:07<06:39,  2.47s/it]
 66%|██████▌   | 308/469 [13:10<06:31,  2.43s/it]
 66%|██████▌   | 309/469 [13:12<06:23,  2.40s/it]
 66%|██████▌   | 310/469 [13:14<06:18,  2.38s/it]
 66%|██████▋   | 311/469 [13:17<06:30,  2.47s/it]
 67%|██████▋   | 312/469 [13:19<06:28,  2.48s/it]
 67%|██████▋   | 313/469 [13:22<06:27,  2.49s/it]
 67%|██████▋   | 314/469 [13:25<06:28,  2.51s/it]
 67%|██████▋   | 315/469 [13:27<06:24,  2.49s/it]
 67%|██████▋   | 316/469 [13:29<06:17,  2.47s/it]
 68%|██████▊   | 317/469 [13:32<06:27,  2.55s/it]
 68%|██████▊   | 318/469 [13:35<06:25,  2.55s/it]
 68%|██████▊   | 319/469 [13:37<06:12,  2.48s/it]
 68%|██████▊   | 320/469 [13:39<06:04,  2.44s/it]
 68%|██████▊   | 321/469 [13:42<05:57,  2.42s/it]
 69%|██████▊   | 322/469 [13:44<05:50,  2.39s/it]
 69%|██████▉   | 323/469 [13:46<05:47,  2.38s/it]
 69%|██████▉   | 324/469 [13:49<05:58,  2.47s/it]
 69%|██████▉   | 325/469 [13:52<05:57,  2.48s/it]
 70%|██████▉   | 326/469 [13:54<05:49,  2.44s/it]
 70%|██████▉   | 327/469 [13:57<05:59,  2.53s/it]
 70%|██████▉   | 328/469 [13:59<05:55,  2.52s/it]
 70%|███████   | 329/469 [14:02<05:51,  2.51s/it]
 70%|███████   | 330/469 [14:04<05:54,  2.55s/it]
 71%|███████   | 331/469 [14:07<05:54,  2.57s/it]
 71%|███████   | 332/469 [14:09<05:48,  2.54s/it]
 71%|███████   | 333/469 [14:12<05:49,  2.57s/it]
 71%|███████   | 334/469 [14:15<05:44,  2.55s/it]
 71%|███████▏  | 335/469 [14:17<05:32,  2.48s/it]
 72%|███████▏  | 336/469 [14:20<05:42,  2.57s/it]
 72%|███████▏  | 337/469 [14:22<05:39,  2.57s/it]
 72%|███████▏  | 338/469 [14:25<05:31,  2.53s/it]
 72%|███████▏  | 339/469 [14:27<05:34,  2.57s/it]
 72%|███████▏  | 340/469 [14:30<05:30,  2.56s/it]
 73%|███████▎  | 341/469 [14:32<05:24,  2.54s/it]
 73%|███████▎  | 342/469 [14:35<05:22,  2.54s/it]
 73%|███████▎  | 343/469 [14:37<05:18,  2.52s/it]
 73%|███████▎  | 344/469 [14:41<06:01,  2.89s/it]
 74%|███████▎  | 345/469 [14:44<06:09,  2.98s/it]
 74%|███████▍  | 346/469 [14:47<05:42,  2.78s/it]
 74%|███████▍  | 347/469 [14:50<05:43,  2.82s/it]
 74%|███████▍  | 348/469 [14:53<06:11,  3.07s/it]
 74%|███████▍  | 349/469 [14:57<06:37,  3.31s/it]
 75%|███████▍  | 350/469 [15:01<06:46,  3.42s/it]
 75%|███████▍  | 351/469 [15:04<06:37,  3.36s/it]
 75%|███████▌  | 352/469 [15:07<06:13,  3.19s/it]
 75%|███████▌  | 353/469 [15:10<06:14,  3.22s/it]
 75%|███████▌  | 354/469 [15:13<06:09,  3.21s/it]
 76%|███████▌  | 355/469 [15:16<05:45,  3.03s/it]
 76%|███████▌  | 356/469 [15:18<05:26,  2.89s/it]
 76%|███████▌  | 357/469 [15:21<05:26,  2.92s/it]
 76%|███████▋  | 358/469 [15:24<05:06,  2.76s/it]
 77%|███████▋  | 359/469 [15:26<05:02,  2.75s/it]
 77%|███████▋  | 360/469 [15:29<04:53,  2.69s/it]
 77%|███████▋  | 361/469 [15:32<04:43,  2.63s/it]
 77%|███████▋  | 362/469 [15:34<04:41,  2.63s/it]
 77%|███████▋  | 363/469 [15:37<04:36,  2.61s/it]
 78%|███████▊  | 364/469 [15:39<04:28,  2.56s/it]
 78%|███████▊  | 365/469 [15:42<04:30,  2.60s/it]
 78%|███████▊  | 366/469 [15:45<04:55,  2.87s/it]
 78%|███████▊  | 367/469 [15:50<05:33,  3.27s/it]
 78%|███████▊  | 368/469 [15:52<05:18,  3.15s/it]
 79%|███████▊  | 369/469 [15:56<05:14,  3.14s/it]
 79%|███████▉  | 370/469 [16:00<05:38,  3.42s/it]
 79%|███████▉  | 371/469 [16:03<05:40,  3.47s/it]
 79%|███████▉  | 372/469 [16:06<05:27,  3.38s/it]
 80%|███████▉  | 373/469 [16:10<05:38,  3.53s/it]
 80%|███████▉  | 374/469 [16:14<05:33,  3.51s/it]
 80%|███████▉  | 375/469 [16:17<05:30,  3.52s/it]
 80%|████████  | 376/469 [16:20<05:00,  3.24s/it]
 80%|████████  | 377/469 [16:22<04:38,  3.03s/it]
 81%|████████  | 378/469 [16:26<04:50,  3.20s/it]
 81%|████████  | 379/469 [16:30<05:09,  3.44s/it]
 81%|████████  | 380/469 [16:34<05:09,  3.48s/it]
 81%|████████  | 381/469 [16:38<05:19,  3.63s/it]
 81%|████████▏ | 382/469 [16:40<04:41,  3.24s/it]
 82%|████████▏ | 383/469 [16:43<04:27,  3.11s/it]
 82%|████████▏ | 384/469 [16:45<04:08,  2.93s/it]
 82%|████████▏ | 385/469 [16:47<03:50,  2.74s/it]
 82%|████████▏ | 386/469 [16:50<03:49,  2.76s/it]
 83%|████████▎ | 387/469 [16:53<03:41,  2.70s/it]
 83%|████████▎ | 388/469 [16:55<03:29,  2.58s/it]
 83%|████████▎ | 389/469 [16:57<03:20,  2.50s/it]
 83%|████████▎ | 390/469 [17:00<03:13,  2.45s/it]
 83%|████████▎ | 391/469 [17:03<03:18,  2.54s/it]
 84%|████████▎ | 392/469 [17:05<03:16,  2.55s/it]
 84%|████████▍ | 393/469 [17:07<03:08,  2.47s/it]
 84%|████████▍ | 394/469 [17:10<03:02,  2.43s/it]
 84%|████████▍ | 395/469 [17:12<02:57,  2.40s/it]
 84%|████████▍ | 396/469 [17:15<03:02,  2.49s/it]
 85%|████████▍ | 397/469 [17:17<03:01,  2.52s/it]
 85%|████████▍ | 398/469 [17:20<02:53,  2.45s/it]
 85%|████████▌ | 399/469 [17:22<02:48,  2.41s/it]
 85%|████████▌ | 400/469 [17:24<02:46,  2.41s/it]
 86%|████████▌ | 401/469 [17:27<02:48,  2.48s/it]
 86%|████████▌ | 402/469 [17:30<02:47,  2.50s/it]
 86%|████████▌ | 403/469 [17:32<02:41,  2.44s/it]
 86%|████████▌ | 404/469 [17:34<02:36,  2.41s/it]
 86%|████████▋ | 405/469 [17:37<02:32,  2.38s/it]
 87%|████████▋ | 406/469 [17:39<02:28,  2.36s/it]
 87%|████████▋ | 407/469 [17:41<02:25,  2.34s/it]
 87%|████████▋ | 408/469 [17:43<02:22,  2.34s/it]
 87%|████████▋ | 409/469 [17:46<02:19,  2.33s/it]
 87%|████████▋ | 410/469 [17:48<02:16,  2.32s/it]
 88%|████████▊ | 411/469 [17:50<02:14,  2.32s/it]
 88%|████████▊ | 412/469 [17:53<02:11,  2.31s/it]
 88%|████████▊ | 413/469 [17:55<02:09,  2.31s/it]
 88%|████████▊ | 414/469 [17:57<02:06,  2.31s/it]
 88%|████████▊ | 415/469 [18:00<02:04,  2.31s/it]
 89%|████████▊ | 416/469 [18:02<02:08,  2.42s/it]
 89%|████████▉ | 417/469 [18:05<02:07,  2.45s/it]
 89%|████████▉ | 418/469 [18:07<02:05,  2.47s/it]
 89%|████████▉ | 419/469 [18:10<02:04,  2.49s/it]
 90%|████████▉ | 420/469 [18:12<02:02,  2.49s/it]
 90%|████████▉ | 421/469 [18:15<01:59,  2.48s/it]
 90%|████████▉ | 422/469 [18:17<01:58,  2.53s/it]
 90%|█████████ | 423/469 [18:20<01:55,  2.52s/it]
 90%|█████████ | 424/469 [18:22<01:52,  2.49s/it]
 91%|█████████ | 425/469 [18:25<01:51,  2.54s/it]
 91%|█████████ | 426/469 [18:28<01:49,  2.55s/it]
 91%|█████████ | 427/469 [18:30<01:45,  2.52s/it]
 91%|█████████▏| 428/469 [18:33<01:44,  2.55s/it]
 91%|█████████▏| 429/469 [18:35<01:41,  2.54s/it]
 92%|█████████▏| 430/469 [18:38<01:38,  2.53s/it]
 92%|█████████▏| 431/469 [18:40<01:37,  2.56s/it]
 92%|█████████▏| 432/469 [18:43<01:33,  2.54s/it]
 92%|█████████▏| 433/469 [18:45<01:31,  2.53s/it]
 93%|█████████▎| 434/469 [18:48<01:29,  2.56s/it]
 93%|█████████▎| 435/469 [18:50<01:25,  2.53s/it]
 93%|█████████▎| 436/469 [18:53<01:22,  2.50s/it]
 93%|█████████▎| 437/469 [18:55<01:21,  2.55s/it]
 93%|█████████▎| 438/469 [18:58<01:19,  2.55s/it]
 94%|█████████▎| 439/469 [19:00<01:14,  2.49s/it]
 94%|█████████▍| 440/469 [19:03<01:10,  2.44s/it]
 94%|█████████▍| 441/469 [19:05<01:07,  2.40s/it]
 94%|█████████▍| 442/469 [19:08<01:07,  2.48s/it]
 94%|█████████▍| 443/469 [19:10<01:05,  2.52s/it]
 95%|█████████▍| 444/469 [19:13<01:01,  2.48s/it]
 95%|█████████▍| 445/469 [19:15<01:01,  2.55s/it]
 95%|█████████▌| 446/469 [19:18<00:58,  2.55s/it]
 95%|█████████▌| 447/469 [19:20<00:55,  2.54s/it]
 96%|█████████▌| 448/469 [19:23<00:53,  2.55s/it]
 96%|█████████▌| 449/469 [19:26<00:53,  2.69s/it]
 96%|█████████▌| 450/469 [19:29<00:55,  2.90s/it]
 96%|█████████▌| 451/469 [19:33<00:56,  3.16s/it]
 96%|█████████▋| 452/469 [19:38<01:00,  3.57s/it]
 97%|█████████▋| 453/469 [19:41<00:57,  3.56s/it]
 97%|█████████▋| 454/469 [19:45<00:52,  3.51s/it]
 97%|█████████▋| 455/469 [19:47<00:45,  3.24s/it]
 97%|█████████▋| 456/469 [19:50<00:39,  3.04s/it]
 97%|█████████▋| 457/469 [19:52<00:34,  2.88s/it]
 98%|█████████▊| 458/469 [19:55<00:30,  2.78s/it]
 98%|█████████▊| 459/469 [19:58<00:28,  2.85s/it]
 98%|█████████▊| 460/469 [20:00<00:24,  2.76s/it]
 98%|█████████▊| 461/469 [20:03<00:21,  2.63s/it]
 99%|█████████▊| 462/469 [20:05<00:18,  2.65s/it]
 99%|█████████▊| 463/469 [20:09<00:17,  2.90s/it]
 99%|█████████▉| 464/469 [20:12<00:14,  2.81s/it]
 99%|█████████▉| 465/469 [20:14<00:11,  2.76s/it]
 99%|█████████▉| 466/469 [20:17<00:07,  2.66s/it]
100%|█████████▉| 467/469 [20:19<00:05,  2.66s/it]
100%|█████████▉| 468/469 [20:22<00:02,  2.62s/it]
100%|██████████| 469/469 [20:24<00:00,  2.40s/it]
100%|██████████| 469/469 [20:24<00:00,  2.61s/it]
Epoch 1: loss=57.4879912109375

  0%|          | 0/16 [00:00<?, ?it/s]
  6%|▋         | 1/16 [00:05<01:20,  5.40s/it]
 12%|█▎        | 2/16 [00:08<00:57,  4.11s/it]
 19%|█▉        | 3/16 [00:11<00:47,  3.69s/it]
 25%|██▌       | 4/16 [00:15<00:42,  3.52s/it]
 31%|███▏      | 5/16 [00:18<00:37,  3.40s/it]
 38%|███▊      | 6/16 [00:21<00:34,  3.40s/it]
 44%|████▍     | 7/16 [00:25<00:30,  3.42s/it]
 50%|█████     | 8/16 [00:28<00:28,  3.54s/it]
 56%|█████▋    | 9/16 [00:32<00:24,  3.54s/it]
 62%|██████▎   | 10/16 [00:36<00:21,  3.57s/it]
 69%|██████▉   | 11/16 [00:39<00:17,  3.48s/it]
 75%|███████▌  | 12/16 [00:42<00:13,  3.42s/it]
 81%|████████▏ | 13/16 [00:46<00:10,  3.43s/it]
 88%|████████▊ | 14/16 [00:49<00:07,  3.56s/it]
 94%|█████████▍| 15/16 [00:53<00:03,  3.46s/it]
100%|██████████| 16/16 [00:55<00:00,  3.03s/it]
100%|██████████| 16/16 [00:55<00:00,  3.45s/it]
{'testlen': 8865, 'reflen': 9080, 'guess': [8865, 7865, 6865, 5865], 'correct': [5468, 2315, 816, 260]}
ratio: 0.9763215859029761
{'Bleu_1': 0.6020283752967466, 'Bleu_2': 0.41588016967028485, 'Bleu_3': 0.2717384408018059, 'Bleu_4': 0.17165499324522598, 'METEOR': 0.17137724738788124, 'ROUGE_L': 0.4163930470668785, 'CIDEr': 0.3836834257989982}
Traceback (most recent call last):
  File "/home/ngocyen/neural-network-and-deeplearning/train_advanced_model.py", line 417, in <module>
    'optimizer_state_dict': optimizer.state_dict(),
                     ^^^^^^^^^^^^^^^^^^^^^^^^^^^^^^^
  File "/home/ngocyen/neural-network-and-deeplearning/train_advanced_model.py", line 181, in predict
    captions = captions.to(device)
       ^^^^^^^^^^^^^^^^^^^^^^^^^^^^
ValueError: The truth value of an array with more than one element is ambiguous. Use a.any() or a.all()
